[CONVERT] 2023-09-04 17:05:24.954 INFO convert.py:46: model_path:./model.pt, model_type:pytorch, output:./output.onnx
[CONVERT] 2023-09-04 17:05:24.956 INFO convert.py:47: input_shape_list: ['[1,3,10,10]']
[CONVERT] 2023-09-04 17:05:24.956 ERROR convert.py:61: ERROR: ./model.pt is not exist
[CONVERT] 2023-09-04 17:06:08.242 INFO convert.py:46: model_path:./test/model.pt, model_type:pytorch, output:./test/output.onnx
[CONVERT] 2023-09-04 17:06:08.242 INFO convert.py:47: input_shape_list: ['[1,3,10,10]']
[CONVERT] 2023-09-04 17:06:08.242 INFO convert.py:76: begin convert..
[CONVERT] 2023-09-04 17:06:10.056 WARNING pt2onnx.py:20: [33mWaring: No module named 'torchvision', If you need torchvision, please install it (pip install torchvision)[0m
[CONVERT] 2023-09-04 17:06:10.057 INFO pt2onnx.py:58: Module: params can be imported
[CONVERT] 2023-09-04 17:06:10.057 INFO pt2onnx.py:107: get module: ModuleSpec(name='params', loader=<_frozen_importlib_external.SourceFileLoader object at 0x7fdebce219a0>, origin='/Users/hexer/Documents/workspace/code/iuapaipaas/intelliw-onnx/intelliw_onnx/test/params.py')
[CONVERT] 2023-09-04 17:06:10.059 INFO pt2onnx.py:126: got input_type_list: []
[CONVERT] 2023-09-04 17:06:10.059 INFO pt2onnx.py:132: got input_shape_list: [[1, 3, 10, 10]]
[CONVERT] 2023-09-04 17:06:10.060 INFO pt2onnx.py:159: input_name_list: ['input_0']
[CONVERT] 2023-09-04 17:06:10.061 INFO pt2onnx.py:58: Module: test_onnx_demo can be imported
[CONVERT] 2023-09-04 17:06:10.061 INFO pt2onnx.py:86: get module: ModuleSpec(name='test_onnx_demo', loader=<_frozen_importlib_external.SourceFileLoader object at 0x7fdebce2e970>, origin='/Users/hexer/Documents/workspace/code/iuapaipaas/intelliw-onnx/intelliw_onnx/test/test_onnx_demo.py')
[CONVERT] 2023-09-04 17:06:10.260 INFO convert.py:95: finish convert, it cost 2.0172488689422607 seconds
[CONVERT] 2023-09-04 17:06:10.287 INFO convert.py:119: Inference success
[CONVERT] 2023-09-04 17:06:10.288 INFO convert.py:126: Begin saving model...
[CONVERT] 2023-09-04 17:06:10.288 INFO convert.py:134: generate inference shape model, it cost 0.02810215950012207 seconds
[CONVERT] 2023-09-04 17:06:10.289 INFO convert.py:163: The whole progress cost 2.04653000831604 seconds
[CONVERT] 2023-09-04 17:06:10.289 CRITICAL convert.py:164: Convert Success!
[CONVERT] 2023-09-04 17:18:40.154 INFO convert.py:49: model_path:./intelliw-onnx/intelliw_onnx/test/model.pt, model_type:pytorch, output:./output.onnx
[CONVERT] 2023-09-04 17:18:40.155 INFO convert.py:50: input_shape_list: ['[1,3,10,10]']
[CONVERT] 2023-09-04 17:18:40.155 ERROR convert.py:64: ERROR: ./intelliw-onnx/intelliw_onnx/test/model.pt is not exist
[CONVERT] 2023-09-04 17:18:59.631 INFO convert.py:49: model_path:./intelliw-onnx/intelliw_onnx/test/model.pt, model_type:pytorch, output:./output.onnx
[CONVERT] 2023-09-04 17:18:59.631 INFO convert.py:50: input_shape_list: ['[1,3,10,10]']
[CONVERT] 2023-09-04 17:18:59.631 ERROR convert.py:64: ERROR: ./intelliw-onnx/intelliw_onnx/test/model.pt is not exist
