[CONVERT] 2023-09-01 16:22:41.781 INFO convert.py:49: model_path:/Users/hexer/Documents/workspace/code/iuapaipaas/intelliw-onnx/intelliw_onnx/test/model.pt, model_type:pytorch, output:./111.onnx
[CONVERT] 2023-09-01 16:22:41.781 INFO convert.py:50: input_shape_list: ['[1,3,10,10]']
[CONVERT] 2023-09-01 16:22:41.782 INFO convert.py:79: begin convert..
[CONVERT] 2023-09-01 16:22:44.575 INFO pt2onnx.py:127: got input_type_list: []
[CONVERT] 2023-09-01 16:22:44.576 INFO pt2onnx.py:139: got input_shape_list: [[1, 3, 10, 10]]
[CONVERT] 2023-09-01 16:22:44.585 INFO pt2onnx.py:166: input_name_list: ['input_0']
[CONVERT] 2023-09-01 16:22:44.586 INFO pt2onnx.py:60: Module: test_onnx_demo can be imported
[CONVERT] 2023-09-01 16:22:44.586 INFO pt2onnx.py:89: get module: ModuleSpec(name='test_onnx_demo', loader=<_frozen_importlib_external.SourceFileLoader object at 0x7fb0ac657e80>, origin='/Users/hexer/Documents/workspace/code/iuapaipaas/intelliw-onnx/intelliw_onnx/test/test_onnx_demo.py')
[CONVERT] 2023-09-01 16:30:22.165 INFO convert.py:49: model_path:/Users/hexer/Documents/workspace/code/iuapaipaas/intelliw-onnx/intelliw_onnx/test/model.pt, model_type:pytorch, output:./111.onnx
[CONVERT] 2023-09-01 16:30:22.165 INFO convert.py:50: input_shape_list: ['[1,3,10,10]']
[CONVERT] 2023-09-01 16:30:22.166 INFO convert.py:79: begin convert..
[CONVERT] 2023-09-01 16:30:24.768 INFO pt2onnx.py:60: Module: params can be imported
[CONVERT] 2023-09-01 16:30:24.769 INFO pt2onnx.py:108: get module: ModuleSpec(name='params', loader=<_frozen_importlib_external.SourceFileLoader object at 0x7f7fff928e80>, origin='/Users/hexer/Documents/workspace/code/iuapaipaas/intelliw-onnx/intelliw_onnx/test/params.py')
[CONVERT] 2023-09-01 16:30:24.772 INFO pt2onnx.py:127: got input_type_list: []
[CONVERT] 2023-09-01 16:30:24.772 INFO pt2onnx.py:139: got input_shape_list: [[1, 3, 10, 10]]
[CONVERT] 2023-09-01 16:30:24.778 INFO pt2onnx.py:166: input_name_list: ['input_0']
[CONVERT] 2023-09-01 16:30:24.778 INFO pt2onnx.py:60: Module: test_onnx_demo can be imported
[CONVERT] 2023-09-01 16:30:24.778 INFO pt2onnx.py:89: get module: ModuleSpec(name='test_onnx_demo', loader=<_frozen_importlib_external.SourceFileLoader object at 0x7f7fff9158e0>, origin='/Users/hexer/Documents/workspace/code/iuapaipaas/intelliw-onnx/intelliw_onnx/test/test_onnx_demo.py')
[CONVERT] 2023-09-01 16:45:51.617 INFO convert.py:49: model_path:/Users/hexer/Documents/workspace/code/iuapaipaas/intelliw-onnx/intelliw_onnx/test/model.pt, model_type:pytorch, output:./111.onnx
[CONVERT] 2023-09-01 16:45:51.618 INFO convert.py:50: input_shape_list: ['[1,3,10,10]']
[CONVERT] 2023-09-01 16:45:51.618 INFO convert.py:79: begin convert..
[CONVERT] 2023-09-01 16:45:53.211 INFO pt2onnx.py:60: Module: params can be imported
[CONVERT] 2023-09-01 16:45:53.212 INFO pt2onnx.py:110: get module: ModuleSpec(name='params', loader=<_frozen_importlib_external.SourceFileLoader object at 0x7fb364b5bd90>, origin='/Users/hexer/Documents/workspace/code/iuapaipaas/intelliw-onnx/intelliw_onnx/test/params.py')
[CONVERT] 2023-09-01 16:45:53.213 INFO pt2onnx.py:129: got input_type_list: []
[CONVERT] 2023-09-01 16:45:53.213 INFO pt2onnx.py:141: got input_shape_list: [[1, 3, 10, 10]]
[CONVERT] 2023-09-01 16:45:53.216 INFO pt2onnx.py:168: input_name_list: ['input_0']
[CONVERT] 2023-09-01 16:45:53.217 INFO pt2onnx.py:60: Module: test_onnx_demo can be imported
[CONVERT] 2023-09-01 16:45:53.217 INFO pt2onnx.py:89: get module: ModuleSpec(name='test_onnx_demo', loader=<_frozen_importlib_external.SourceFileLoader object at 0x7fb364b3c4c0>, origin='/Users/hexer/Documents/workspace/code/iuapaipaas/intelliw-onnx/intelliw_onnx/test/test_onnx_demo.py')
[CONVERT] 2023-09-01 16:47:02.533 INFO convert.py:49: model_path:/Users/hexer/Documents/workspace/code/iuapaipaas/intelliw-onnx/intelliw_onnx/test/model.pt, model_type:pytorch, output:./111.onnx
[CONVERT] 2023-09-01 16:47:02.534 INFO convert.py:50: input_shape_list: ['[1,3,10,10]']
[CONVERT] 2023-09-01 16:47:02.534 INFO convert.py:79: begin convert..
[CONVERT] 2023-09-01 16:47:04.007 INFO pt2onnx.py:60: Module: params can be imported
[CONVERT] 2023-09-01 16:47:04.008 INFO pt2onnx.py:110: get module: ModuleSpec(name='params', loader=<_frozen_importlib_external.SourceFileLoader object at 0x7fce7075bd90>, origin='/Users/hexer/Documents/workspace/code/iuapaipaas/intelliw-onnx/intelliw_onnx/test/params.py')
[CONVERT] 2023-09-01 16:47:04.008 INFO pt2onnx.py:129: got input_type_list: []
[CONVERT] 2023-09-01 16:47:04.008 INFO pt2onnx.py:141: got input_shape_list: [[1, 3, 10, 10]]
[CONVERT] 2023-09-01 16:47:04.008 INFO pt2onnx.py:168: input_name_list: ['input_0']
[CONVERT] 2023-09-01 16:47:04.009 INFO pt2onnx.py:60: Module: test_onnx_demo can be imported
[CONVERT] 2023-09-01 16:47:04.009 INFO pt2onnx.py:89: get module: ModuleSpec(name='test_onnx_demo', loader=<_frozen_importlib_external.SourceFileLoader object at 0x7fce7073c4c0>, origin='/Users/hexer/Documents/workspace/code/iuapaipaas/intelliw-onnx/intelliw_onnx/test/test_onnx_demo.py')
[CONVERT] 2023-09-01 16:49:11.221 INFO convert.py:49: model_path:/Users/hexer/Documents/workspace/code/iuapaipaas/intelliw-onnx/intelliw_onnx/test/model.pt, model_type:pytorch, output:./111.onnx
[CONVERT] 2023-09-01 16:49:11.223 INFO convert.py:50: input_shape_list: ['[1,3,10,10]']
[CONVERT] 2023-09-01 16:49:11.223 INFO convert.py:79: begin convert..
[CONVERT] 2023-09-01 16:49:13.443 INFO pt2onnx.py:60: Module: params can be imported
[CONVERT] 2023-09-01 16:49:13.443 INFO pt2onnx.py:111: get module: ModuleSpec(name='params', loader=<_frozen_importlib_external.SourceFileLoader object at 0x7f8ae3e63d90>, origin='/Users/hexer/Documents/workspace/code/iuapaipaas/intelliw-onnx/intelliw_onnx/test/params.py')
[CONVERT] 2023-09-01 16:49:13.445 INFO pt2onnx.py:130: got input_type_list: []
[CONVERT] 2023-09-01 16:49:13.445 INFO pt2onnx.py:142: got input_shape_list: [[1, 3, 10, 10]]
[CONVERT] 2023-09-01 16:49:13.450 INFO pt2onnx.py:169: input_name_list: ['input_0']
[CONVERT] 2023-09-01 16:49:13.451 INFO pt2onnx.py:60: Module: test_onnx_demo can be imported
[CONVERT] 2023-09-01 16:49:13.451 INFO pt2onnx.py:89: get module: ModuleSpec(name='test_onnx_demo', loader=<_frozen_importlib_external.SourceFileLoader object at 0x7f8ae3e444c0>, origin='/Users/hexer/Documents/workspace/code/iuapaipaas/intelliw-onnx/intelliw_onnx/test/test_onnx_demo.py')
[CONVERT] 2023-09-01 16:51:03.443 INFO convert.py:49: model_path:/Users/hexer/Documents/workspace/code/iuapaipaas/intelliw-onnx/intelliw_onnx/test/model.pt, model_type:pytorch, output:./111.onnx
[CONVERT] 2023-09-01 16:51:03.444 INFO convert.py:50: input_shape_list: ['[1,3,10,10]']
[CONVERT] 2023-09-01 16:51:03.444 INFO convert.py:79: begin convert..
[CONVERT] 2023-09-01 16:51:05.429 INFO pt2onnx.py:60: Module: params can be imported
[CONVERT] 2023-09-01 16:51:05.429 INFO pt2onnx.py:109: get module: ModuleSpec(name='params', loader=<_frozen_importlib_external.SourceFileLoader object at 0x7f8b1e463df0>, origin='/Users/hexer/Documents/workspace/code/iuapaipaas/intelliw-onnx/intelliw_onnx/test/params.py')
[CONVERT] 2023-09-01 16:51:05.430 INFO pt2onnx.py:128: got input_type_list: []
[CONVERT] 2023-09-01 16:51:05.431 INFO pt2onnx.py:140: got input_shape_list: [[1, 3, 10, 10]]
[CONVERT] 2023-09-01 16:51:05.434 INFO pt2onnx.py:167: input_name_list: ['input_0']
[CONVERT] 2023-09-01 16:51:05.434 INFO pt2onnx.py:60: Module: test_onnx_demo can be imported
[CONVERT] 2023-09-01 16:51:05.434 INFO pt2onnx.py:89: get module: ModuleSpec(name='test_onnx_demo', loader=<_frozen_importlib_external.SourceFileLoader object at 0x7f8b1e4454c0>, origin='/Users/hexer/Documents/workspace/code/iuapaipaas/intelliw-onnx/intelliw_onnx/test/test_onnx_demo.py')
[CONVERT] 2023-09-01 16:54:44.597 INFO convert.py:49: model_path:/Users/hexer/Documents/workspace/code/iuapaipaas/intelliw-onnx/intelliw_onnx/test/model.pt, model_type:pytorch, output:./111.onnx
[CONVERT] 2023-09-01 16:54:44.598 INFO convert.py:50: input_shape_list: ['[1,3,10,10]']
[CONVERT] 2023-09-01 16:54:44.599 INFO convert.py:79: begin convert..
[CONVERT] 2023-09-01 16:54:47.107 INFO pt2onnx.py:60: Module: params can be imported
[CONVERT] 2023-09-01 16:54:47.107 INFO pt2onnx.py:115: get module: ModuleSpec(name='params', loader=<_frozen_importlib_external.SourceFileLoader object at 0x7fda4755bd90>, origin='/Users/hexer/Documents/workspace/code/iuapaipaas/intelliw-onnx/intelliw_onnx/test/params.py')
[CONVERT] 2023-09-01 16:54:47.109 INFO pt2onnx.py:134: got input_type_list: []
[CONVERT] 2023-09-01 16:54:47.109 INFO pt2onnx.py:146: got input_shape_list: [[1, 3, 10, 10]]
[CONVERT] 2023-09-01 16:54:47.116 INFO pt2onnx.py:173: input_name_list: ['input_0']
[CONVERT] 2023-09-01 16:54:47.117 INFO pt2onnx.py:60: Module: test_onnx_demo can be imported
[CONVERT] 2023-09-01 16:54:47.117 INFO pt2onnx.py:89: get module: ModuleSpec(name='test_onnx_demo', loader=<_frozen_importlib_external.SourceFileLoader object at 0x7fda4753c4c0>, origin='/Users/hexer/Documents/workspace/code/iuapaipaas/intelliw-onnx/intelliw_onnx/test/test_onnx_demo.py')
[CONVERT] 2023-09-01 16:56:42.868 INFO convert.py:49: model_path:/Users/hexer/Documents/workspace/code/iuapaipaas/intelliw-onnx/intelliw_onnx/test/model.pt, model_type:pytorch, output:./111.onnx
[CONVERT] 2023-09-01 16:56:42.868 INFO convert.py:50: input_shape_list: ['[1,3,10,10]']
[CONVERT] 2023-09-01 16:56:42.869 INFO convert.py:79: begin convert..
[CONVERT] 2023-09-01 16:56:44.591 INFO pt2onnx.py:60: Module: params can be imported
[CONVERT] 2023-09-01 16:56:44.592 INFO pt2onnx.py:115: get module: ModuleSpec(name='params', loader=<_frozen_importlib_external.SourceFileLoader object at 0x7fc529762d90>, origin='/Users/hexer/Documents/workspace/code/iuapaipaas/intelliw-onnx/intelliw_onnx/test/params.py')
[CONVERT] 2023-09-01 16:56:44.593 INFO pt2onnx.py:134: got input_type_list: []
[CONVERT] 2023-09-01 16:56:44.593 INFO pt2onnx.py:146: got input_shape_list: [[1, 3, 10, 10]]
[CONVERT] 2023-09-01 16:56:44.594 INFO pt2onnx.py:173: input_name_list: ['input_0']
[CONVERT] 2023-09-01 16:56:44.594 INFO pt2onnx.py:60: Module: test_onnx_demo can be imported
[CONVERT] 2023-09-01 16:56:44.594 INFO pt2onnx.py:89: get module: ModuleSpec(name='test_onnx_demo', loader=<_frozen_importlib_external.SourceFileLoader object at 0x7fc5297444c0>, origin='/Users/hexer/Documents/workspace/code/iuapaipaas/intelliw-onnx/intelliw_onnx/test/test_onnx_demo.py')
[CONVERT] 2023-09-01 16:57:02.790 INFO convert.py:49: model_path:/Users/hexer/Documents/workspace/code/iuapaipaas/intelliw-onnx/intelliw_onnx/test/model.pt, model_type:pytorch, output:./111.onnx
[CONVERT] 2023-09-01 16:57:02.791 INFO convert.py:50: input_shape_list: ['[1,3,10,10]']
[CONVERT] 2023-09-01 16:57:02.791 INFO convert.py:79: begin convert..
[CONVERT] 2023-09-01 16:57:04.147 INFO pt2onnx.py:60: Module: params can be imported
[CONVERT] 2023-09-01 16:57:04.148 INFO pt2onnx.py:114: get module: ModuleSpec(name='params', loader=<_frozen_importlib_external.SourceFileLoader object at 0x7fe693563d90>, origin='/Users/hexer/Documents/workspace/code/iuapaipaas/intelliw-onnx/intelliw_onnx/test/params.py')
[CONVERT] 2023-09-01 16:57:04.148 INFO pt2onnx.py:133: got input_type_list: []
[CONVERT] 2023-09-01 16:57:04.148 INFO pt2onnx.py:145: got input_shape_list: [[1, 3, 10, 10]]
[CONVERT] 2023-09-01 16:57:04.149 INFO pt2onnx.py:172: input_name_list: ['input_0']
[CONVERT] 2023-09-01 16:57:04.149 INFO pt2onnx.py:60: Module: test_onnx_demo can be imported
[CONVERT] 2023-09-01 16:57:04.149 INFO pt2onnx.py:89: get module: ModuleSpec(name='test_onnx_demo', loader=<_frozen_importlib_external.SourceFileLoader object at 0x7fe6935444c0>, origin='/Users/hexer/Documents/workspace/code/iuapaipaas/intelliw-onnx/intelliw_onnx/test/test_onnx_demo.py')
[CONVERT] 2023-09-01 16:59:39.462 INFO convert.py:49: model_path:/Users/hexer/Documents/workspace/code/iuapaipaas/intelliw-onnx/intelliw_onnx/test/model.pt, model_type:pytorch, output:./111.onnx
[CONVERT] 2023-09-01 16:59:39.463 INFO convert.py:50: input_shape_list: ['[1,3,10,10]']
[CONVERT] 2023-09-01 16:59:39.463 INFO convert.py:79: begin convert..
[CONVERT] 2023-09-01 16:59:41.812 INFO pt2onnx.py:60: Module: params can be imported
[CONVERT] 2023-09-01 16:59:41.813 INFO pt2onnx.py:114: get module: ModuleSpec(name='params', loader=<_frozen_importlib_external.SourceFileLoader object at 0x7fde92c5ad90>, origin='/Users/hexer/Documents/workspace/code/iuapaipaas/intelliw-onnx/intelliw_onnx/test/params.py')
[CONVERT] 2023-09-01 16:59:41.814 INFO pt2onnx.py:133: got input_type_list: []
[CONVERT] 2023-09-01 16:59:41.814 INFO pt2onnx.py:145: got input_shape_list: [[1, 3, 10, 10]]
[CONVERT] 2023-09-01 16:59:41.818 INFO pt2onnx.py:172: input_name_list: ['input_0']
[CONVERT] 2023-09-01 16:59:41.819 INFO pt2onnx.py:60: Module: test_onnx_demo can be imported
[CONVERT] 2023-09-01 16:59:41.819 INFO pt2onnx.py:89: get module: ModuleSpec(name='test_onnx_demo', loader=<_frozen_importlib_external.SourceFileLoader object at 0x7fde92c3c4c0>, origin='/Users/hexer/Documents/workspace/code/iuapaipaas/intelliw-onnx/intelliw_onnx/test/test_onnx_demo.py')
[CONVERT] 2023-09-01 17:02:22.024 INFO convert.py:49: model_path:/Users/hexer/Documents/workspace/code/iuapaipaas/intelliw-onnx/intelliw_onnx/test/model.pt, model_type:pytorch, output:./111.onnx
[CONVERT] 2023-09-01 17:02:22.024 INFO convert.py:50: input_shape_list: ['[1,3,10,10]']
[CONVERT] 2023-09-01 17:02:22.025 INFO convert.py:79: begin convert..
[CONVERT] 2023-09-01 17:02:23.412 INFO pt2onnx.py:60: Module: params can be imported
[CONVERT] 2023-09-01 17:02:23.412 INFO pt2onnx.py:112: get module: ModuleSpec(name='params', loader=<_frozen_importlib_external.SourceFileLoader object at 0x7f78f7863d90>, origin='/Users/hexer/Documents/workspace/code/iuapaipaas/intelliw-onnx/intelliw_onnx/test/params.py')
[CONVERT] 2023-09-01 17:02:23.413 INFO pt2onnx.py:131: got input_type_list: []
[CONVERT] 2023-09-01 17:02:23.413 INFO pt2onnx.py:143: got input_shape_list: [[1, 3, 10, 10]]
[CONVERT] 2023-09-01 17:02:23.414 INFO pt2onnx.py:170: input_name_list: ['input_0']
[CONVERT] 2023-09-01 17:02:23.414 INFO pt2onnx.py:60: Module: test_onnx_demo can be imported
[CONVERT] 2023-09-01 17:02:23.415 INFO pt2onnx.py:89: get module: ModuleSpec(name='test_onnx_demo', loader=<_frozen_importlib_external.SourceFileLoader object at 0x7f78f78444c0>, origin='/Users/hexer/Documents/workspace/code/iuapaipaas/intelliw-onnx/intelliw_onnx/test/test_onnx_demo.py')
[CONVERT] 2023-09-01 17:05:20.194 INFO convert.py:49: model_path:/Users/hexer/Documents/workspace/code/iuapaipaas/intelliw-onnx/intelliw_onnx/test/model.pt, model_type:pytorch, output:./111.onnx
[CONVERT] 2023-09-01 17:05:20.194 INFO convert.py:50: input_shape_list: ['[1,3,10,10]']
[CONVERT] 2023-09-01 17:05:20.194 INFO convert.py:79: begin convert..
[CONVERT] 2023-09-01 17:05:21.586 INFO pt2onnx.py:60: Module: params can be imported
[CONVERT] 2023-09-01 17:05:21.586 INFO pt2onnx.py:112: get module: ModuleSpec(name='params', loader=<_frozen_importlib_external.SourceFileLoader object at 0x7f8788563d90>, origin='/Users/hexer/Documents/workspace/code/iuapaipaas/intelliw-onnx/intelliw_onnx/test/params.py')
[CONVERT] 2023-09-01 17:05:21.587 INFO pt2onnx.py:131: got input_type_list: []
[CONVERT] 2023-09-01 17:05:21.587 INFO pt2onnx.py:143: got input_shape_list: [[1, 3, 10, 10]]
[CONVERT] 2023-09-01 17:05:21.587 INFO pt2onnx.py:170: input_name_list: ['input_0']
[CONVERT] 2023-09-01 17:05:21.588 INFO pt2onnx.py:60: Module: test_onnx_demo can be imported
[CONVERT] 2023-09-01 17:05:21.588 INFO pt2onnx.py:89: get module: ModuleSpec(name='test_onnx_demo', loader=<_frozen_importlib_external.SourceFileLoader object at 0x7f87885454c0>, origin='/Users/hexer/Documents/workspace/code/iuapaipaas/intelliw-onnx/intelliw_onnx/test/test_onnx_demo.py')
[CONVERT] 2023-09-01 17:05:36.192 INFO convert.py:49: model_path:/Users/hexer/Documents/workspace/code/iuapaipaas/intelliw-onnx/intelliw_onnx/test/model.pt, model_type:pytorch, output:./111.onnx
[CONVERT] 2023-09-01 17:05:36.192 INFO convert.py:50: input_shape_list: ['[1,3,10,10]']
[CONVERT] 2023-09-01 17:05:36.192 INFO convert.py:79: begin convert..
[CONVERT] 2023-09-01 17:05:37.501 INFO pt2onnx.py:60: Module: params can be imported
[CONVERT] 2023-09-01 17:05:37.502 INFO pt2onnx.py:112: get module: ModuleSpec(name='params', loader=<_frozen_importlib_external.SourceFileLoader object at 0x7f90aa55bd00>, origin='/Users/hexer/Documents/workspace/code/iuapaipaas/intelliw-onnx/intelliw_onnx/test/params.py')
[CONVERT] 2023-09-01 17:05:37.503 INFO pt2onnx.py:131: got input_type_list: []
[CONVERT] 2023-09-01 17:05:37.503 INFO pt2onnx.py:143: got input_shape_list: [[1, 3, 10, 10]]
[CONVERT] 2023-09-01 17:05:37.503 INFO pt2onnx.py:170: input_name_list: ['input_0']
[CONVERT] 2023-09-01 17:05:37.504 INFO pt2onnx.py:60: Module: test_onnx_demo can be imported
[CONVERT] 2023-09-01 17:05:37.504 INFO pt2onnx.py:89: get module: ModuleSpec(name='test_onnx_demo', loader=<_frozen_importlib_external.SourceFileLoader object at 0x7f90aa53c8e0>, origin='/Users/hexer/Documents/workspace/code/iuapaipaas/intelliw-onnx/intelliw_onnx/test/test_onnx_demo.py')
[CONVERT] 2023-09-01 17:06:22.619 INFO convert.py:49: model_path:/Users/hexer/Documents/workspace/code/iuapaipaas/intelliw-onnx/intelliw_onnx/test/model.pt, model_type:pytorch, output:./111.onnx
[CONVERT] 2023-09-01 17:06:22.619 INFO convert.py:50: input_shape_list: ['[1,3,10,10]']
[CONVERT] 2023-09-01 17:06:22.619 INFO convert.py:79: begin convert..
[CONVERT] 2023-09-01 17:06:23.974 INFO pt2onnx.py:60: Module: params can be imported
[CONVERT] 2023-09-01 17:06:23.975 INFO pt2onnx.py:112: get module: ModuleSpec(name='params', loader=<_frozen_importlib_external.SourceFileLoader object at 0x7f8947e63d90>, origin='/Users/hexer/Documents/workspace/code/iuapaipaas/intelliw-onnx/intelliw_onnx/test/params.py')
[CONVERT] 2023-09-01 17:06:23.975 INFO pt2onnx.py:131: got input_type_list: []
[CONVERT] 2023-09-01 17:06:23.976 INFO pt2onnx.py:143: got input_shape_list: [[1, 3, 10, 10]]
[CONVERT] 2023-09-01 17:06:23.976 INFO pt2onnx.py:170: input_name_list: ['input_0']
[CONVERT] 2023-09-01 17:06:23.976 INFO pt2onnx.py:60: Module: test_onnx_demo can be imported
[CONVERT] 2023-09-01 17:06:23.977 INFO pt2onnx.py:89: get module: ModuleSpec(name='test_onnx_demo', loader=<_frozen_importlib_external.SourceFileLoader object at 0x7f8947e444c0>, origin='/Users/hexer/Documents/workspace/code/iuapaipaas/intelliw-onnx/intelliw_onnx/test/test_onnx_demo.py')
[CONVERT] 2023-09-01 17:06:31.405 INFO convert.py:49: model_path:/Users/hexer/Documents/workspace/code/iuapaipaas/intelliw-onnx/intelliw_onnx/test/model.pt, model_type:pytorch, output:./111.onnx
[CONVERT] 2023-09-01 17:06:31.406 INFO convert.py:50: input_shape_list: ['[1,3,10,10]']
[CONVERT] 2023-09-01 17:06:31.406 INFO convert.py:79: begin convert..
[CONVERT] 2023-09-01 17:06:32.683 INFO pt2onnx.py:60: Module: params can be imported
[CONVERT] 2023-09-01 17:06:32.683 INFO pt2onnx.py:112: get module: ModuleSpec(name='params', loader=<_frozen_importlib_external.SourceFileLoader object at 0x7fb0bbd62d90>, origin='/Users/hexer/Documents/workspace/code/iuapaipaas/intelliw-onnx/intelliw_onnx/test/params.py')
[CONVERT] 2023-09-01 17:06:32.684 INFO pt2onnx.py:131: got input_type_list: []
[CONVERT] 2023-09-01 17:06:32.684 INFO pt2onnx.py:143: got input_shape_list: [[1, 3, 10, 10]]
[CONVERT] 2023-09-01 17:06:32.684 INFO pt2onnx.py:170: input_name_list: ['input_0']
[CONVERT] 2023-09-01 17:06:32.684 INFO pt2onnx.py:60: Module: test_onnx_demo can be imported
[CONVERT] 2023-09-01 17:06:32.685 INFO pt2onnx.py:89: get module: ModuleSpec(name='test_onnx_demo', loader=<_frozen_importlib_external.SourceFileLoader object at 0x7fb0bbd444c0>, origin='/Users/hexer/Documents/workspace/code/iuapaipaas/intelliw-onnx/intelliw_onnx/test/test_onnx_demo.py')
[CONVERT] 2023-09-01 17:20:50.138 INFO convert.py:49: model_path:/Users/hexer/Documents/workspace/code/iuapaipaas/intelliw-onnx/intelliw_onnx/test/model.pt, model_type:pytorch, output:./111.onnx
[CONVERT] 2023-09-01 17:20:50.138 INFO convert.py:50: input_shape_list: ['[1,3,10,10]']
[CONVERT] 2023-09-01 17:20:50.139 INFO convert.py:79: begin convert..
[CONVERT] 2023-09-01 17:20:52.145 INFO pt2onnx.py:60: Module: params can be imported
[CONVERT] 2023-09-01 17:20:52.146 INFO pt2onnx.py:110: get module: ModuleSpec(name='params', loader=<_frozen_importlib_external.SourceFileLoader object at 0x7ff0f235bdf0>, origin='/Users/hexer/Documents/workspace/code/iuapaipaas/intelliw-onnx/intelliw_onnx/test/params.py')
[CONVERT] 2023-09-01 17:20:52.147 INFO pt2onnx.py:129: got input_type_list: []
[CONVERT] 2023-09-01 17:20:52.148 INFO pt2onnx.py:141: got input_shape_list: [[1, 3, 10, 10]]
[CONVERT] 2023-09-01 17:20:52.152 INFO pt2onnx.py:168: input_name_list: ['input_0']
[CONVERT] 2023-09-01 17:20:52.153 INFO pt2onnx.py:60: Module: test_onnx_demo can be imported
[CONVERT] 2023-09-01 17:20:52.153 INFO pt2onnx.py:89: get module: ModuleSpec(name='test_onnx_demo', loader=<_frozen_importlib_external.SourceFileLoader object at 0x7ff0f233c4c0>, origin='/Users/hexer/Documents/workspace/code/iuapaipaas/intelliw-onnx/intelliw_onnx/test/test_onnx_demo.py')
[CONVERT] 2023-09-01 17:21:33.921 INFO convert.py:49: model_path:/Users/hexer/Documents/workspace/code/iuapaipaas/intelliw-onnx/intelliw_onnx/test/model.pt, model_type:pytorch, output:./111.onnx
[CONVERT] 2023-09-01 17:21:33.922 INFO convert.py:50: input_shape_list: ['[1,3,10,10]']
[CONVERT] 2023-09-01 17:21:33.922 INFO convert.py:79: begin convert..
[CONVERT] 2023-09-01 17:21:35.300 INFO pt2onnx.py:60: Module: params can be imported
[CONVERT] 2023-09-01 17:21:35.301 INFO pt2onnx.py:110: get module: ModuleSpec(name='params', loader=<_frozen_importlib_external.SourceFileLoader object at 0x7fe936e5bd90>, origin='/Users/hexer/Documents/workspace/code/iuapaipaas/intelliw-onnx/intelliw_onnx/test/params.py')
[CONVERT] 2023-09-01 17:21:35.302 INFO pt2onnx.py:129: got input_type_list: []
[CONVERT] 2023-09-01 17:21:35.302 INFO pt2onnx.py:141: got input_shape_list: [[1, 3, 10, 10]]
[CONVERT] 2023-09-01 17:21:35.302 INFO pt2onnx.py:168: input_name_list: ['input_0']
[CONVERT] 2023-09-01 17:21:35.303 INFO pt2onnx.py:60: Module: test_onnx_demo can be imported
[CONVERT] 2023-09-01 17:21:35.303 INFO pt2onnx.py:89: get module: ModuleSpec(name='test_onnx_demo', loader=<_frozen_importlib_external.SourceFileLoader object at 0x7fe936e3c4c0>, origin='/Users/hexer/Documents/workspace/code/iuapaipaas/intelliw-onnx/intelliw_onnx/test/test_onnx_demo.py')
[CONVERT] 2023-09-01 17:22:10.773 INFO convert.py:49: model_path:/Users/hexer/Documents/workspace/code/iuapaipaas/intelliw-onnx/intelliw_onnx/test/model.pt, model_type:pytorch, output:./111.onnx
[CONVERT] 2023-09-01 17:22:10.773 INFO convert.py:50: input_shape_list: ['[1,3,10,10]']
[CONVERT] 2023-09-01 17:22:10.773 INFO convert.py:79: begin convert..
[CONVERT] 2023-09-01 17:22:12.202 INFO pt2onnx.py:60: Module: params can be imported
[CONVERT] 2023-09-01 17:22:12.203 INFO pt2onnx.py:110: get module: ModuleSpec(name='params', loader=<_frozen_importlib_external.SourceFileLoader object at 0x7fc355f3ddf0>, origin='/Users/hexer/Documents/workspace/code/iuapaipaas/intelliw-onnx/intelliw_onnx/test/params.py')
[CONVERT] 2023-09-01 17:22:12.204 INFO pt2onnx.py:129: got input_type_list: []
[CONVERT] 2023-09-01 17:22:12.204 INFO pt2onnx.py:141: got input_shape_list: [[1, 3, 10, 10]]
[CONVERT] 2023-09-01 17:22:12.204 INFO pt2onnx.py:168: input_name_list: ['input_0']
[CONVERT] 2023-09-01 17:22:12.205 INFO pt2onnx.py:60: Module: test_onnx_demo can be imported
[CONVERT] 2023-09-01 17:22:12.205 INFO pt2onnx.py:89: get module: ModuleSpec(name='test_onnx_demo', loader=<_frozen_importlib_external.SourceFileLoader object at 0x7fc355f1e4c0>, origin='/Users/hexer/Documents/workspace/code/iuapaipaas/intelliw-onnx/intelliw_onnx/test/test_onnx_demo.py')
[CONVERT] 2023-09-01 17:22:47.661 INFO convert.py:49: model_path:/Users/hexer/Documents/workspace/code/iuapaipaas/intelliw-onnx/intelliw_onnx/test/model.pt, model_type:pytorch, output:./111.onnx
[CONVERT] 2023-09-01 17:22:47.661 INFO convert.py:50: input_shape_list: ['[1,3,10,10]']
[CONVERT] 2023-09-01 17:22:47.662 INFO convert.py:79: begin convert..
[CONVERT] 2023-09-01 17:22:49.086 INFO pt2onnx.py:60: Module: params can be imported
[CONVERT] 2023-09-01 17:22:49.086 INFO pt2onnx.py:110: get module: ModuleSpec(name='params', loader=<_frozen_importlib_external.SourceFileLoader object at 0x7fd751d5bdf0>, origin='/Users/hexer/Documents/workspace/code/iuapaipaas/intelliw-onnx/intelliw_onnx/test/params.py')
[CONVERT] 2023-09-01 17:22:49.087 INFO pt2onnx.py:129: got input_type_list: []
[CONVERT] 2023-09-01 17:22:49.087 INFO pt2onnx.py:141: got input_shape_list: [[1, 3, 10, 10]]
[CONVERT] 2023-09-01 17:22:49.087 INFO pt2onnx.py:168: input_name_list: ['input_0']
[CONVERT] 2023-09-01 17:22:49.088 INFO pt2onnx.py:60: Module: test_onnx_demo can be imported
[CONVERT] 2023-09-01 17:22:49.088 INFO pt2onnx.py:89: get module: ModuleSpec(name='test_onnx_demo', loader=<_frozen_importlib_external.SourceFileLoader object at 0x7fd751d3c4c0>, origin='/Users/hexer/Documents/workspace/code/iuapaipaas/intelliw-onnx/intelliw_onnx/test/test_onnx_demo.py')
[CONVERT] 2023-09-01 17:23:13.287 INFO convert.py:49: model_path:/Users/hexer/Documents/workspace/code/iuapaipaas/intelliw-onnx/intelliw_onnx/test/model.pt, model_type:pytorch, output:./111.onnx
[CONVERT] 2023-09-01 17:23:13.287 INFO convert.py:50: input_shape_list: ['[1,3,10,10]']
[CONVERT] 2023-09-01 17:23:13.287 INFO convert.py:79: begin convert..
[CONVERT] 2023-09-01 17:23:14.724 INFO pt2onnx.py:60: Module: params can be imported
[CONVERT] 2023-09-01 17:23:14.724 INFO pt2onnx.py:110: get module: ModuleSpec(name='params', loader=<_frozen_importlib_external.SourceFileLoader object at 0x7fe1df163df0>, origin='/Users/hexer/Documents/workspace/code/iuapaipaas/intelliw-onnx/intelliw_onnx/test/params.py')
[CONVERT] 2023-09-01 17:23:14.725 INFO pt2onnx.py:129: got input_type_list: []
[CONVERT] 2023-09-01 17:23:14.725 INFO pt2onnx.py:141: got input_shape_list: [[1, 3, 10, 10]]
[CONVERT] 2023-09-01 17:23:14.725 INFO pt2onnx.py:168: input_name_list: ['input_0']
[CONVERT] 2023-09-01 17:23:14.726 INFO pt2onnx.py:60: Module: test_onnx_demo can be imported
[CONVERT] 2023-09-01 17:23:14.726 INFO pt2onnx.py:89: get module: ModuleSpec(name='test_onnx_demo', loader=<_frozen_importlib_external.SourceFileLoader object at 0x7fe1df1444c0>, origin='/Users/hexer/Documents/workspace/code/iuapaipaas/intelliw-onnx/intelliw_onnx/test/test_onnx_demo.py')
[CONVERT] 2023-09-01 17:23:45.555 INFO convert.py:49: model_path:/Users/hexer/Documents/workspace/code/iuapaipaas/intelliw-onnx/intelliw_onnx/test/model.pt, model_type:pytorch, output:./111.onnx
[CONVERT] 2023-09-01 17:23:45.555 INFO convert.py:50: input_shape_list: ['[1,3,10,10]']
[CONVERT] 2023-09-01 17:23:45.555 INFO convert.py:79: begin convert..
[CONVERT] 2023-09-01 17:23:46.928 INFO pt2onnx.py:60: Module: params can be imported
[CONVERT] 2023-09-01 17:23:46.928 INFO pt2onnx.py:110: get module: ModuleSpec(name='params', loader=<_frozen_importlib_external.SourceFileLoader object at 0x7fa007f5bd90>, origin='/Users/hexer/Documents/workspace/code/iuapaipaas/intelliw-onnx/intelliw_onnx/test/params.py')
[CONVERT] 2023-09-01 17:23:46.929 INFO pt2onnx.py:129: got input_type_list: []
[CONVERT] 2023-09-01 17:23:46.929 INFO pt2onnx.py:141: got input_shape_list: [[1, 3, 10, 10]]
[CONVERT] 2023-09-01 17:23:46.930 INFO pt2onnx.py:168: input_name_list: ['input_0']
[CONVERT] 2023-09-01 17:23:46.930 INFO pt2onnx.py:60: Module: test_onnx_demo can be imported
[CONVERT] 2023-09-01 17:23:46.930 INFO pt2onnx.py:89: get module: ModuleSpec(name='test_onnx_demo', loader=<_frozen_importlib_external.SourceFileLoader object at 0x7fa007f3c4c0>, origin='/Users/hexer/Documents/workspace/code/iuapaipaas/intelliw-onnx/intelliw_onnx/test/test_onnx_demo.py')
[CONVERT] 2023-09-01 17:24:33.903 INFO convert.py:49: model_path:/Users/hexer/Documents/workspace/code/iuapaipaas/intelliw-onnx/intelliw_onnx/test/model.pt, model_type:pytorch, output:./111.onnx
[CONVERT] 2023-09-01 17:24:33.903 INFO convert.py:50: input_shape_list: ['[1,3,10,10]']
[CONVERT] 2023-09-01 17:24:33.903 INFO convert.py:79: begin convert..
[CONVERT] 2023-09-01 17:24:33.908 INFO pt2onnx.py:60: Module: params can be imported
[CONVERT] 2023-09-01 17:24:33.908 INFO pt2onnx.py:110: get module: ModuleSpec(name='params', loader=<_frozen_importlib_external.SourceFileLoader object at 0x7fa459b32760>, origin='/Users/hexer/Documents/workspace/code/iuapaipaas/intelliw-onnx/intelliw_onnx/test/params.py')
[CONVERT] 2023-09-01 17:24:33.909 INFO pt2onnx.py:129: got input_type_list: []
[CONVERT] 2023-09-01 17:24:33.909 INFO pt2onnx.py:141: got input_shape_list: [[1, 3, 10, 10]]
[CONVERT] 2023-09-01 17:24:33.909 INFO pt2onnx.py:168: input_name_list: ['input_0']
[CONVERT] 2023-09-01 17:24:33.910 INFO pt2onnx.py:60: Module: test_onnx_demo can be imported
[CONVERT] 2023-09-01 17:24:33.910 INFO pt2onnx.py:89: get module: ModuleSpec(name='test_onnx_demo', loader=<_frozen_importlib_external.SourceFileLoader object at 0x7fa455e43a30>, origin='/Users/hexer/Documents/workspace/code/iuapaipaas/intelliw-onnx/intelliw_onnx/test/test_onnx_demo.py')
[CONVERT] 2023-09-01 17:24:43.179 INFO convert.py:49: model_path:/Users/hexer/Documents/workspace/code/iuapaipaas/intelliw-onnx/intelliw_onnx/test/model.pt, model_type:pytorch, output:./111.onnx
[CONVERT] 2023-09-01 17:24:43.179 INFO convert.py:50: input_shape_list: ['[1,3,10,10]']
[CONVERT] 2023-09-01 17:24:43.180 INFO convert.py:79: begin convert..
[CONVERT] 2023-09-01 17:24:43.181 INFO pt2onnx.py:60: Module: params can be imported
[CONVERT] 2023-09-01 17:24:43.181 INFO pt2onnx.py:110: get module: ModuleSpec(name='params', loader=<_frozen_importlib_external.SourceFileLoader object at 0x7f91a9333bb0>, origin='/Users/hexer/Documents/workspace/code/iuapaipaas/intelliw-onnx/intelliw_onnx/test/params.py')
[CONVERT] 2023-09-01 17:24:43.182 INFO pt2onnx.py:129: got input_type_list: []
[CONVERT] 2023-09-01 17:24:43.182 INFO pt2onnx.py:141: got input_shape_list: [[1, 3, 10, 10]]
[CONVERT] 2023-09-01 17:24:43.182 INFO pt2onnx.py:168: input_name_list: ['input_0']
[CONVERT] 2023-09-01 17:24:43.183 INFO pt2onnx.py:60: Module: test_onnx_demo can be imported
[CONVERT] 2023-09-01 17:24:43.183 INFO pt2onnx.py:89: get module: ModuleSpec(name='test_onnx_demo', loader=<_frozen_importlib_external.SourceFileLoader object at 0x7f91a9333a90>, origin='/Users/hexer/Documents/workspace/code/iuapaipaas/intelliw-onnx/intelliw_onnx/test/test_onnx_demo.py')
[CONVERT] 2023-09-01 17:24:43.314 INFO convert.py:98: finish convert, it cost 0.13437581062316895 seconds
[CONVERT] 2023-09-01 17:24:43.360 INFO convert.py:122: Inference success
[CONVERT] 2023-09-01 17:24:43.360 INFO convert.py:129: Begin saving model...
[CONVERT] 2023-09-01 17:24:43.361 INFO convert.py:137: generate inference shape model, it cost 0.04643511772155762 seconds
[CONVERT] 2023-09-01 17:24:43.361 INFO convert.py:141: begin doing simplify...
[CONVERT] 2023-09-01 17:25:20.221 INFO convert.py:49: model_path:/Users/hexer/Documents/workspace/code/iuapaipaas/intelliw-onnx/intelliw_onnx/test/model.pt, model_type:pytorch, output:./111.onnx
[CONVERT] 2023-09-01 17:25:20.222 INFO convert.py:50: input_shape_list: ['[1,3,10,10]']
[CONVERT] 2023-09-01 17:25:20.222 INFO convert.py:79: begin convert..
[CONVERT] 2023-09-01 17:25:20.223 INFO pt2onnx.py:60: Module: params can be imported
[CONVERT] 2023-09-01 17:25:20.223 INFO pt2onnx.py:110: get module: ModuleSpec(name='params', loader=<_frozen_importlib_external.SourceFileLoader object at 0x7f92bab33bb0>, origin='/Users/hexer/Documents/workspace/code/iuapaipaas/intelliw-onnx/intelliw_onnx/test/params.py')
[CONVERT] 2023-09-01 17:25:20.223 INFO pt2onnx.py:129: got input_type_list: []
[CONVERT] 2023-09-01 17:25:20.224 INFO pt2onnx.py:141: got input_shape_list: [[1, 3, 10, 10]]
[CONVERT] 2023-09-01 17:25:20.224 INFO pt2onnx.py:168: input_name_list: ['input_0']
[CONVERT] 2023-09-01 17:25:20.224 INFO pt2onnx.py:60: Module: test_onnx_demo can be imported
[CONVERT] 2023-09-01 17:25:20.224 INFO pt2onnx.py:89: get module: ModuleSpec(name='test_onnx_demo', loader=<_frozen_importlib_external.SourceFileLoader object at 0x7f92bab33a90>, origin='/Users/hexer/Documents/workspace/code/iuapaipaas/intelliw-onnx/intelliw_onnx/test/test_onnx_demo.py')
[CONVERT] 2023-09-01 17:25:20.275 INFO convert.py:98: finish convert, it cost 0.053302764892578125 seconds
[CONVERT] 2023-09-01 17:25:20.296 INFO convert.py:122: Inference success
[CONVERT] 2023-09-01 17:25:20.297 INFO convert.py:129: Begin saving model...
[CONVERT] 2023-09-01 17:25:20.297 INFO convert.py:137: generate inference shape model, it cost 0.02159428596496582 seconds
[CONVERT] 2023-09-01 17:25:20.298 INFO convert.py:166: The whole progress cost 0.07568812370300293 seconds
[CONVERT] 2023-09-01 17:25:20.298 CRITICAL convert.py:167: Convert Success!
[CONVERT] 2023-09-01 17:26:09.299 INFO convert.py:49: model_path:/Users/hexer/Documents/workspace/code/iuapaipaas/intelliw-onnx/intelliw_onnx/test/model.pt, model_type:pytorch, output:./111.onnx
[CONVERT] 2023-09-01 17:26:09.299 INFO convert.py:50: input_shape_list: ['[1,3,10,10]']
[CONVERT] 2023-09-01 17:26:09.300 INFO convert.py:79: begin convert..
[CONVERT] 2023-09-01 17:26:09.301 INFO pt2onnx.py:60: Module: params can be imported
[CONVERT] 2023-09-01 17:26:09.301 INFO pt2onnx.py:110: get module: ModuleSpec(name='params', loader=<_frozen_importlib_external.SourceFileLoader object at 0x7f7b35630910>, origin='/Users/hexer/Documents/workspace/code/iuapaipaas/intelliw-onnx/intelliw_onnx/test/params.py')
[CONVERT] 2023-09-01 17:26:09.302 INFO pt2onnx.py:129: got input_type_list: []
[CONVERT] 2023-09-01 17:26:09.302 INFO pt2onnx.py:141: got input_shape_list: [[1, 3, 10, 10]]
[CONVERT] 2023-09-01 17:26:09.302 INFO pt2onnx.py:168: input_name_list: ['input_0']
[CONVERT] 2023-09-01 17:26:09.303 INFO pt2onnx.py:60: Module: test_onnx_demo can be imported
[CONVERT] 2023-09-01 17:26:09.303 INFO pt2onnx.py:89: get module: ModuleSpec(name='test_onnx_demo', loader=<_frozen_importlib_external.SourceFileLoader object at 0x7f7b3561dac0>, origin='/Users/hexer/Documents/workspace/code/iuapaipaas/intelliw-onnx/intelliw_onnx/test/test_onnx_demo.py')
[CONVERT] 2023-09-01 17:26:09.361 INFO convert.py:98: finish convert, it cost 0.061444997787475586 seconds
[CONVERT] 2023-09-01 17:26:09.385 INFO convert.py:122: Inference success
[CONVERT] 2023-09-01 17:26:09.386 INFO convert.py:129: Begin saving model...
[CONVERT] 2023-09-01 17:26:09.386 INFO convert.py:137: generate inference shape model, it cost 0.024714946746826172 seconds
[CONVERT] 2023-09-01 17:26:09.387 INFO convert.py:166: The whole progress cost 0.08735203742980957 seconds
[CONVERT] 2023-09-01 17:26:09.387 CRITICAL convert.py:167: Convert Success!
[CONVERT] 2023-09-01 17:27:42.443 INFO convert.py:49: model_path:/Users/hexer/Documents/workspace/code/iuapaipaas/intelliw-onnx/intelliw_onnx/test/model.pt, model_type:pytorch, output:./111.onnx
[CONVERT] 2023-09-01 17:27:42.444 INFO convert.py:50: input_shape_list: ['[1,3,10,10]']
[CONVERT] 2023-09-01 17:27:42.444 INFO convert.py:79: begin convert..
[CONVERT] 2023-09-01 17:27:43.844 INFO pt2onnx.py:60: Module: params can be imported
[CONVERT] 2023-09-01 17:27:43.845 INFO pt2onnx.py:110: get module: ModuleSpec(name='params', loader=<_frozen_importlib_external.SourceFileLoader object at 0x7fa186864d90>, origin='/Users/hexer/Documents/workspace/code/iuapaipaas/intelliw-onnx/intelliw_onnx/test/params.py')
[CONVERT] 2023-09-01 17:27:43.845 INFO pt2onnx.py:129: got input_type_list: []
[CONVERT] 2023-09-01 17:27:43.846 INFO pt2onnx.py:141: got input_shape_list: [[1, 3, 10, 10]]
[CONVERT] 2023-09-01 17:27:43.846 INFO pt2onnx.py:168: input_name_list: ['input_0']
[CONVERT] 2023-09-01 17:27:43.846 INFO pt2onnx.py:60: Module: test_onnx_demo can be imported
[CONVERT] 2023-09-01 17:27:43.847 INFO pt2onnx.py:89: get module: ModuleSpec(name='test_onnx_demo', loader=<_frozen_importlib_external.SourceFileLoader object at 0x7fa1868454c0>, origin='/Users/hexer/Documents/workspace/code/iuapaipaas/intelliw-onnx/intelliw_onnx/test/test_onnx_demo.py')
[CONVERT] 2023-09-01 17:28:03.044 INFO convert.py:49: model_path:/Users/hexer/Documents/workspace/code/iuapaipaas/intelliw-onnx/intelliw_onnx/test/model.pt, model_type:pytorch, output:./111.onnx
[CONVERT] 2023-09-01 17:28:03.044 INFO convert.py:50: input_shape_list: ['[1,3,10,10]']
[CONVERT] 2023-09-01 17:28:03.044 INFO convert.py:79: begin convert..
[CONVERT] 2023-09-01 17:28:04.472 INFO pt2onnx.py:60: Module: params can be imported
[CONVERT] 2023-09-01 17:28:04.473 INFO pt2onnx.py:110: get module: ModuleSpec(name='params', loader=<_frozen_importlib_external.SourceFileLoader object at 0x7fe79e55bdf0>, origin='/Users/hexer/Documents/workspace/code/iuapaipaas/intelliw-onnx/intelliw_onnx/test/params.py')
[CONVERT] 2023-09-01 17:28:04.473 INFO pt2onnx.py:129: got input_type_list: []
[CONVERT] 2023-09-01 17:28:04.474 INFO pt2onnx.py:141: got input_shape_list: [[1, 3, 10, 10]]
[CONVERT] 2023-09-01 17:28:04.474 INFO pt2onnx.py:168: input_name_list: ['input_0']
[CONVERT] 2023-09-01 17:28:04.475 INFO pt2onnx.py:60: Module: test_onnx_demo can be imported
[CONVERT] 2023-09-01 17:28:04.475 INFO pt2onnx.py:89: get module: ModuleSpec(name='test_onnx_demo', loader=<_frozen_importlib_external.SourceFileLoader object at 0x7fe79e53c4c0>, origin='/Users/hexer/Documents/workspace/code/iuapaipaas/intelliw-onnx/intelliw_onnx/test/test_onnx_demo.py')
[CONVERT] 2023-09-01 17:28:30.476 INFO convert.py:49: model_path:/Users/hexer/Documents/workspace/code/iuapaipaas/intelliw-onnx/intelliw_onnx/test/model.pt, model_type:pytorch, output:./111.onnx
[CONVERT] 2023-09-01 17:28:30.476 INFO convert.py:50: input_shape_list: ['[1,3,10,10]']
[CONVERT] 2023-09-01 17:28:30.476 INFO convert.py:79: begin convert..
[CONVERT] 2023-09-01 17:28:31.893 INFO pt2onnx.py:60: Module: params can be imported
[CONVERT] 2023-09-01 17:28:31.894 INFO pt2onnx.py:110: get module: ModuleSpec(name='params', loader=<_frozen_importlib_external.SourceFileLoader object at 0x7fdd4755bd90>, origin='/Users/hexer/Documents/workspace/code/iuapaipaas/intelliw-onnx/intelliw_onnx/test/params.py')
[CONVERT] 2023-09-01 17:28:31.895 INFO pt2onnx.py:129: got input_type_list: []
[CONVERT] 2023-09-01 17:28:31.895 INFO pt2onnx.py:141: got input_shape_list: [[1, 3, 10, 10]]
[CONVERT] 2023-09-01 17:28:31.895 INFO pt2onnx.py:168: input_name_list: ['input_0']
[CONVERT] 2023-09-01 17:28:31.896 INFO pt2onnx.py:60: Module: test_onnx_demo can be imported
[CONVERT] 2023-09-01 17:28:31.896 INFO pt2onnx.py:89: get module: ModuleSpec(name='test_onnx_demo', loader=<_frozen_importlib_external.SourceFileLoader object at 0x7fdd4753c4c0>, origin='/Users/hexer/Documents/workspace/code/iuapaipaas/intelliw-onnx/intelliw_onnx/test/test_onnx_demo.py')
[CONVERT] 2023-09-01 17:28:31.998 INFO convert.py:98: finish convert, it cost 1.521953821182251 seconds
[CONVERT] 2023-09-01 17:28:32.026 INFO convert.py:122: Inference success
[CONVERT] 2023-09-01 17:28:32.027 INFO convert.py:129: Begin saving model...
[CONVERT] 2023-09-01 17:28:32.027 INFO convert.py:137: generate inference shape model, it cost 0.028678178787231445 seconds
[CONVERT] 2023-09-01 17:28:32.028 INFO convert.py:166: The whole progress cost 1.5518109798431396 seconds
[CONVERT] 2023-09-01 17:28:32.029 CRITICAL convert.py:167: Convert Success!
